{
  "RSpec": {
    "coverage": {
      "/home/main/Projects/Turing/BookClub/config/environment.rb": [
        null,
        1,
        null,
        null,
        1
      ],
      "/home/main/Projects/Turing/BookClub/config/application.rb": [
        1,
        null,
        1,
        null,
        null,
        null,
        null,
        null,
        1,
        null,
        1,
        1,
        null,
        1,
        null,
        null,
        null,
        null,
        null,
        null,
        null,
        null,
        null
      ],
      "/home/main/Projects/Turing/BookClub/config/boot.rb": [
        1,
        null,
        1,
        1
      ],
      "/home/main/Projects/Turing/BookClub/config/environments/test.rb": [
        1,
        null,
        null,
        null,
        null,
        null,
        null,
        1,
        null,
        null,
        null,
        null,
        1,
        null,
        null,
        1,
        1,
        null,
        null,
        null,
        null,
        1,
        1,
        null,
        null,
        1,
        null,
        null,
        1,
        null,
        null,
        1,
        null,
        1,
        null,
        null,
        null,
        null,
        1,
        null,
        null,
        1,
        null,
        null,
        null,
        null
      ],
      "/home/main/Projects/Turing/BookClub/config/initializers/application_controller_renderer.rb": [
        null,
        null,
        null,
        null,
        null,
        null,
        null,
        null
      ],
      "/home/main/Projects/Turing/BookClub/config/initializers/assets.rb": [
        null,
        null,
        null,
        1,
        null,
        null,
        null,
        null,
        1,
        null,
        null,
        null,
        null,
        null
      ],
      "/home/main/Projects/Turing/BookClub/config/initializers/backtrace_silencers.rb": [
        null,
        null,
        null,
        null,
        null,
        null,
        null
      ],
      "/home/main/Projects/Turing/BookClub/config/initializers/content_security_policy.rb": [
        null,
        null,
        null,
        null,
        null,
        null,
        null,
        null,
        null,
        null,
        null,
        null,
        null,
        null,
        null,
        null,
        null,
        null,
        null,
        null,
        null,
        null,
        null,
        null,
        null
      ],
      "/home/main/Projects/Turing/BookClub/config/initializers/cookies_serializer.rb": [
        null,
        null,
        null,
        null,
        1
      ],
      "/home/main/Projects/Turing/BookClub/config/initializers/filter_parameter_logging.rb": [
        null,
        null,
        null,
        1
      ],
      "/home/main/Projects/Turing/BookClub/config/initializers/inflections.rb": [
        null,
        null,
        null,
        null,
        null,
        null,
        null,
        null,
        null,
        null,
        null,
        null,
        null,
        null,
        null,
        null
      ],
      "/home/main/Projects/Turing/BookClub/config/initializers/mime_types.rb": [
        null,
        null,
        null,
        null
      ],
      "/home/main/Projects/Turing/BookClub/config/initializers/wrap_parameters.rb": [
        null,
        null,
        null,
        null,
        null,
        null,
        1,
        2,
        null,
        null,
        null,
        null,
        null,
        null
      ],
      "/home/main/Projects/Turing/BookClub/config/routes.rb": [
        1,
        1,
        null,
        null,
        null,
        null,
        null,
        null,
        1,
        1,
        1,
        1,
        1,
        1,
        1,
        1,
        1,
        1,
        1,
        1,
        1,
        null
      ],
      "/home/main/Projects/Turing/BookClub/app/helpers/application_helper.rb": [
        1,
        null
      ],
      "/home/main/Projects/Turing/BookClub/spec/features/authors/index_spec.rb": [
        1,
        null,
        1,
        1,
        1,
        1,
        1,
        1,
        1,
        1,
        1,
        1,
        1,
        null,
        1,
        1,
        1,
        1,
        1,
        null,
        1,
        1,
        1,
        1,
        1,
        null,
        1,
        1,
        1,
        1,
        1,
        null,
        1,
        1,
        1,
        1,
        1,
        1,
        null,
        null,
        1,
        1,
        null,
        1,
        1,
        null,
        1,
        1,
        null,
        1,
        1,
        null,
        1,
        1,
        null,
        1,
        1,
        null,
        null,
        null,
        null
      ],
      "/home/main/Projects/Turing/BookClub/spec/features/authors/show_spec.rb": [
        1,
        null,
        1,
        1,
        1,
        2,
        2,
        2,
        2,
        null,
        2,
        2,
        null,
        2,
        2,
        2,
        2,
        2,
        null,
        2,
        2,
        null,
        2,
        2,
        2,
        2,
        2,
        2,
        2,
        2,
        null,
        null,
        1,
        null,
        1,
        null,
        1,
        1,
        1,
        1,
        1,
        1,
        null,
        1,
        1,
        1,
        null,
        null,
        null,
        null,
        1,
        1,
        null,
        1,
        1,
        1,
        1,
        null,
        null,
        null,
        null
      ],
      "/home/main/Projects/Turing/BookClub/spec/features/books/destroy_spec.rb": [
        1,
        null,
        1,
        1,
        1,
        1,
        1,
        1,
        1,
        null,
        1,
        1,
        null,
        1,
        1,
        1,
        1,
        1,
        null,
        1,
        1,
        null,
        1,
        1,
        1,
        1,
        1,
        1,
        1,
        1,
        null,
        null,
        1,
        1,
        null,
        1,
        1,
        1,
        null,
        null,
        1,
        null,
        null,
        null
      ],
      "/home/main/Projects/Turing/BookClub/spec/features/books/index_spec.rb": [
        1,
        null,
        1,
        1,
        1,
        8,
        8,
        8,
        8,
        8,
        8,
        8,
        8,
        null,
        8,
        8,
        8,
        8,
        8,
        null,
        8,
        8,
        8,
        8,
        8,
        null,
        8,
        8,
        8,
        8,
        8,
        null,
        8,
        8,
        8,
        8,
        8,
        8,
        8,
        8,
        8,
        8,
        8,
        null,
        null,
        1,
        1,
        null,
        1,
        1,
        null,
        1,
        1,
        1,
        null,
        1,
        1,
        1,
        null,
        null,
        1,
        1,
        null,
        1,
        0,
        null,
        0,
        0,
        null,
        0,
        0,
        null,
        0,
        0,
        null,
        0,
        0,
        null,
        null,
        null,
        1,
        1,
        null,
        1,
        1,
        1,
        null,
        1,
        1,
        1,
        null,
        1,
        1,
        1,
        null,
        1,
        1,
        1,
        null,
        1,
        1,
        1,
        null,
        null,
        null,
        1,
        1,
        null,
        1,
        1,
        1,
        null,
        1,
        1,
        1,
        null,
        1,
        1,
        1,
        null,
        1,
        1,
        1,
        null,
        1,
        1,
        1,
        null,
        null,
        null,
        1,
        1,
        null,
        1,
        1,
        1,
        1,
        null,
        null,
        1,
        1,
        1,
        1,
        null,
        null,
        null,
        1,
        1,
        null,
        1,
        1,
        1,
        null,
        1,
        1,
        1,
        null,
        1,
        1,
        null,
        null,
        1,
        1,
        1,
        1,
        null,
        1,
        1,
        1,
        null,
        1,
        1,
        null,
        null,
        null,
        1,
        1,
        null,
        1,
        1,
        1,
        null,
        1,
        1,
        1,
        null,
        1,
        1,
        null,
        null,
        1,
        1,
        1,
        1,
        null,
        1,
        1,
        1,
        null,
        1,
        1,
        null,
        null,
        null,
        1,
        1,
        null,
        1,
        1,
        1,
        null,
        1,
        1,
        1,
        null,
        1,
        1,
        null,
        null,
        1,
        1,
        1,
        1,
        null,
        1,
        1,
        1,
        null,
        1,
        1,
        null,
        null,
        null,
        null
      ],
      "/home/main/Projects/Turing/BookClub/spec/features/books/new_spec.rb": [
        1,
        null,
        1,
        1,
        1,
        1,
        1,
        1,
        1,
        1,
        null,
        1,
        null,
        0,
        0,
        0,
        0,
        0,
        null,
        0,
        null,
        null,
        0,
        0,
        0,
        null,
        null,
        null
      ],
      "/home/main/Projects/Turing/BookClub/spec/features/reviews/new_spec.rb": [
        1,
        null,
        1,
        1,
        1,
        1,
        1,
        1,
        1,
        1,
        null,
        1,
        null,
        1,
        1,
        1,
        1,
        null,
        1,
        null,
        null,
        null,
        null,
        null,
        null,
        null
      ],
      "/home/main/Projects/Turing/BookClub/spec/features/users/index_spec.rb": [
        1,
        null,
        1,
        1,
        1,
        1,
        1,
        1,
        1,
        1,
        1,
        1,
        1,
        null,
        1,
        1,
        1,
        1,
        1,
        null,
        1,
        1,
        1,
        1,
        1,
        null,
        1,
        1,
        1,
        1,
        1,
        null,
        1,
        1,
        1,
        1,
        1,
        null,
        1,
        1,
        1,
        1,
        1,
        1,
        null,
        null,
        1,
        1,
        null,
        1,
        1,
        null,
        1,
        1,
        null,
        1,
        1,
        null,
        1,
        1,
        null,
        1,
        1,
        null,
        null,
        null,
        null
      ],
      "/home/main/Projects/Turing/BookClub/spec/features/users/show_spec.rb": [
        1,
        null,
        1,
        1,
        1,
        5,
        5,
        5,
        5,
        null,
        5,
        5,
        null,
        5,
        5,
        5,
        5,
        5,
        null,
        5,
        5,
        null,
        5,
        5,
        5,
        5,
        5,
        5,
        5,
        5,
        null,
        null,
        1,
        1,
        null,
        1,
        1,
        1,
        1,
        1,
        1,
        1,
        null,
        1,
        1,
        1,
        1,
        1,
        1,
        1,
        null,
        1,
        1,
        1,
        1,
        1,
        1,
        1,
        null,
        null,
        null,
        1,
        1,
        null,
        1,
        1,
        null,
        null,
        1,
        1,
        null,
        1,
        1,
        1,
        1,
        null,
        null,
        1,
        1,
        null,
        1,
        1,
        1,
        1,
        null,
        null,
        1,
        1,
        null,
        1,
        1,
        null,
        1,
        null,
        1,
        null,
        null,
        null,
        null
      ],
      "/home/main/Projects/Turing/BookClub/spec/models/author_book_spec.rb": [
        1,
        null,
        1,
        2,
        2,
        null
      ],
      "/home/main/Projects/Turing/BookClub/app/models/author_book.rb": [
        1,
        1,
        1,
        null
      ],
      "/home/main/Projects/Turing/BookClub/app/models/application_record.rb": [
        1,
        1,
        null
      ],
      "/home/main/Projects/Turing/BookClub/spec/models/author_spec.rb": [
        1,
        null,
        1,
        1,
        2,
        2,
        null,
        null
      ],
      "/home/main/Projects/Turing/BookClub/app/models/author.rb": [
        1,
        1,
        1,
        null,
        1,
        null
      ],
      "/home/main/Projects/Turing/BookClub/spec/models/book_spec.rb": [
        1,
        null,
        1,
        1,
        2,
        null,
        null,
        1,
        1,
        11,
        11,
        11,
        11,
        null,
        11,
        11,
        11,
        11,
        11,
        null,
        11,
        11,
        11,
        11,
        11,
        11,
        11,
        11,
        null,
        null,
        1,
        1,
        null,
        null,
        1,
        1,
        null,
        null,
        1,
        1,
        null,
        null,
        1,
        1,
        null,
        null,
        1,
        1,
        null,
        null,
        1,
        1,
        1,
        null,
        null,
        1,
        1,
        1,
        null,
        null,
        1,
        1,
        1,
        null,
        null,
        1,
        1,
        null,
        null,
        1,
        1,
        null,
        null,
        1,
        1,
        null,
        null,
        null
      ],
      "/home/main/Projects/Turing/BookClub/app/models/book.rb": [
        1,
        1,
        1,
        1,
        null,
        1,
        null,
        1,
        164,
        164,
        33,
        null,
        null,
        1,
        85,
        null,
        null,
        1,
        169,
        null,
        null,
        1,
        143,
        null,
        null,
        1,
        97,
        null,
        null,
        1,
        4,
        2,
        null,
        2,
        null,
        null,
        null,
        1,
        2,
        1,
        1,
        1,
        null,
        null,
        null,
        1,
        4,
        1,
        null,
        3,
        null,
        null,
        null,
        1,
        17,
        null,
        null,
        1,
        17,
        null,
        null,
        1,
        1,
        null,
        null,
        null
      ],
      "/home/main/Projects/Turing/BookClub/spec/models/review_spec.rb": [
        1,
        null,
        1,
        1,
        2,
        2,
        null,
        null
      ],
      "/home/main/Projects/Turing/BookClub/app/models/review.rb": [
        1,
        null,
        1,
        1,
        null,
        1,
        null,
        1,
        521,
        521,
        null,
        521,
        521,
        521,
        521,
        0,
        0,
        0,
        0,
        null,
        521,
        null,
        null,
        1,
        null,
        null,
        null
      ],
      "/home/main/Projects/Turing/BookClub/spec/models/user_spec.rb": [
        1,
        null,
        1,
        1,
        2,
        null,
        null,
        1,
        1,
        2,
        2,
        2,
        2,
        null,
        2,
        2,
        2,
        2,
        2,
        null,
        2,
        2,
        2,
        2,
        2,
        2,
        2,
        2,
        null,
        null,
        1,
        1,
        null,
        null,
        1,
        1,
        null,
        null,
        null
      ],
      "/home/main/Projects/Turing/BookClub/app/models/user.rb": [
        1,
        1,
        null,
        1,
        null,
        1,
        7,
        null,
        null,
        1,
        2,
        null,
        null
      ],
      "/home/main/Projects/Turing/BookClub/app/controllers/authors_controller.rb": [
        1,
        1,
        null,
        4,
        4,
        4,
        4,
        4,
        13,
        13,
        6,
        5,
        2,
        null,
        13,
        null,
        null,
        null,
        4,
        null,
        null,
        1,
        2,
        null,
        null,
        1,
        1,
        1,
        null,
        null
      ],
      "/home/main/Projects/Turing/BookClub/app/controllers/application_controller.rb": [
        1,
        null
      ],
      "/home/main/Projects/Turing/BookClub/app/controllers/books_controller.rb": [
        1,
        1,
        16,
        1,
        15,
        1,
        14,
        1,
        13,
        1,
        12,
        1,
        11,
        1,
        null,
        10,
        null,
        16,
        16,
        16,
        16,
        79,
        79,
        32,
        31,
        16,
        null,
        79,
        null,
        null,
        16,
        16,
        16,
        null,
        null,
        16,
        16,
        null,
        null,
        1,
        0,
        null,
        null,
        1,
        1,
        1,
        null,
        null,
        1,
        null,
        null,
        1,
        1,
        1,
        0,
        null,
        0,
        0,
        0,
        null,
        0,
        null,
        null
      ],
      "/home/main/Projects/Turing/BookClub/app/controllers/users_controller.rb": [
        1,
        1,
        null,
        2,
        2,
        2,
        2,
        2,
        7,
        7,
        3,
        2,
        2,
        null,
        7,
        null,
        null,
        null,
        2,
        null,
        null,
        1,
        6,
        6,
        6,
        null,
        null,
        null
      ],
      "/home/main/Projects/Turing/BookClub/app/controllers/reviews_controller.rb": [
        1,
        1,
        1,
        1,
        null,
        1,
        null,
        null,
        1,
        null,
        null,
        1,
        null,
        1,
        1,
        null,
        0,
        null,
        0,
        null,
        null
      ]
    },
    "timestamp": 1560968935
  }
}
